2024-10-22 15:36:53: Peer 1002 is listening on port 6002
2024-10-22 15:36:58: Trying to connect to peer 1001 on localhost:6001
2024-10-22 15:36:58: Successfully connected to peer 1001
2024-10-22 15:36:58: Peer 1002 sent handshake: P2PFILESHARINGPROJ00000000001002
2024-10-22 15:36:58: Peer 1002 received handshake response: P2PFILESHARINGPROJ00000000001001
2024-10-22 15:36:58: Trying to connect to peer 1003 on localhost:6003
2024-10-22 15:37:00: Peer 1002 received connection from ('127.0.0.1', 58523)
2024-10-22 15:37:00: Peer 1002 received handshake: P2PFILESHARINGPROJ00000000001001
2024-10-22 15:37:00: Peer 1002 sent handshake response: P2PFILESHARINGPROJ00000000001002
2024-10-22 15:37:00: Could not connect to peer 1003. Peer might not be running.
2024-10-22 15:39:41: Peer 1002 is listening on port 6002
2024-10-22 15:39:46: Trying to connect to peer 1001 on localhost:6001
2024-10-22 15:39:46: Successfully connected to peer 1001
2024-10-22 15:39:46: Peer 1002 sent handshake: P2PFILESHARINGPROJ00000000001002
2024-10-22 15:39:46: Peer 1002 received handshake response: P2PFILESHARINGPROJ00000000001001
2024-10-22 15:39:46: Trying to connect to peer 1003 on localhost:6003
2024-10-22 15:39:46: Successfully connected to peer 1003
2024-10-22 15:39:46: Peer 1002 sent handshake: P2PFILESHARINGPROJ00000000001002
2024-10-22 15:39:46: Peer 1002 received handshake response: P2PFILESHARINGPROJ00000000001003
2024-10-22 15:39:48: Peer 1002 received connection from ('127.0.0.1', 58551)
2024-10-22 15:39:48: Peer 1002 received handshake: P2PFILESHARINGPROJ00000000001001
2024-10-22 15:39:48: Peer 1002 sent handshake response: P2PFILESHARINGPROJ00000000001002
2024-10-22 15:39:50: Peer 1002 received connection from ('127.0.0.1', 58554)
2024-10-22 15:39:50: Peer 1002 received handshake: P2PFILESHARINGPROJ00000000001003
2024-10-22 15:39:50: Peer 1002 sent handshake response: P2PFILESHARINGPROJ00000000001002
